  [1m[35m (0.1ms)[0m  [1m[34mSELECT sqlite_version(*)[0m
  ↳ /Users/christopheryuan/.rvm/rubies/ruby-2.6.1/lib/ruby/gems/2.6.0/gems/rake-12.3.2/lib/rake/task.rb:273
  [1m[35m (1.7ms)[0m  [1m[35mCREATE TABLE "schema_migrations" ("version" varchar NOT NULL PRIMARY KEY)[0m
  ↳ /Users/christopheryuan/.rvm/rubies/ruby-2.6.1/lib/ruby/gems/2.6.0/gems/rake-12.3.2/lib/rake/task.rb:273
  [1m[35m (1.6ms)[0m  [1m[35mCREATE TABLE "ar_internal_metadata" ("key" varchar NOT NULL PRIMARY KEY, "value" varchar, "created_at" datetime NOT NULL, "updated_at" datetime NOT NULL)[0m
  ↳ /Users/christopheryuan/.rvm/rubies/ruby-2.6.1/lib/ruby/gems/2.6.0/gems/rake-12.3.2/lib/rake/task.rb:273
  [1m[35m (0.1ms)[0m  [1m[34mSELECT "schema_migrations"."version" FROM "schema_migrations" ORDER BY "schema_migrations"."version" ASC[0m
  ↳ /Users/christopheryuan/.rvm/rubies/ruby-2.6.1/lib/ruby/gems/2.6.0/gems/rake-12.3.2/lib/rake/task.rb:273
  [1m[35m (0.3ms)[0m  [1m[34mSELECT "schema_migrations"."version" FROM "schema_migrations" ORDER BY "schema_migrations"."version" ASC[0m
  ↳ /Users/christopheryuan/.rvm/rubies/ruby-2.6.1/lib/ruby/gems/2.6.0/gems/rake-12.3.2/lib/rake/task.rb:273
Migrating to CreateOwners (20190606190142)
  [1m[35m (0.1ms)[0m  [1m[36mbegin transaction[0m
  ↳ /Users/christopheryuan/.rvm/rubies/ruby-2.6.1/lib/ruby/gems/2.6.0/gems/rake-12.3.2/lib/rake/task.rb:273
  [1m[35m (0.1ms)[0m  [1m[34mSELECT sqlite_version(*)[0m
  ↳ db/migrate/20190606190142_create_owners.rb:3
  [1m[35m (0.4ms)[0m  [1m[35mCREATE TABLE "owners" ("id" integer PRIMARY KEY AUTOINCREMENT NOT NULL, "first_name" varchar, "last_name" varchar, "age" integer, "email" varchar, "created_at" datetime NOT NULL, "updated_at" datetime NOT NULL)[0m
  ↳ db/migrate/20190606190142_create_owners.rb:3
  [1m[36mActiveRecord::SchemaMigration Create (0.1ms)[0m  [1m[32mINSERT INTO "schema_migrations" ("version") VALUES (?)[0m  [["version", "20190606190142"]]
  ↳ /Users/christopheryuan/.rvm/rubies/ruby-2.6.1/lib/ruby/gems/2.6.0/gems/rake-12.3.2/lib/rake/task.rb:273
  [1m[35m (0.8ms)[0m  [1m[36mcommit transaction[0m
  ↳ /Users/christopheryuan/.rvm/rubies/ruby-2.6.1/lib/ruby/gems/2.6.0/gems/rake-12.3.2/lib/rake/task.rb:273
Migrating to CreatePets (20190606190238)
  [1m[35m (0.0ms)[0m  [1m[36mbegin transaction[0m
  ↳ /Users/christopheryuan/.rvm/rubies/ruby-2.6.1/lib/ruby/gems/2.6.0/gems/rake-12.3.2/lib/rake/task.rb:273
  [1m[35m (0.3ms)[0m  [1m[35mCREATE TABLE "pets" ("id" integer PRIMARY KEY AUTOINCREMENT NOT NULL, "name" varchar, "category" varchar, "owner_id" integer, "created_at" datetime NOT NULL, "updated_at" datetime NOT NULL, CONSTRAINT "fk_rails_1ff5d16ccb"
FOREIGN KEY ("owner_id")
  REFERENCES "owners" ("id")
)[0m
  ↳ db/migrate/20190606190238_create_pets.rb:3
  [1m[35m (0.1ms)[0m  [1m[35mCREATE  INDEX "index_pets_on_owner_id" ON "pets" ("owner_id")[0m
  ↳ db/migrate/20190606190238_create_pets.rb:3
  [1m[36mActiveRecord::SchemaMigration Create (0.1ms)[0m  [1m[32mINSERT INTO "schema_migrations" ("version") VALUES (?)[0m  [["version", "20190606190238"]]
  ↳ /Users/christopheryuan/.rvm/rubies/ruby-2.6.1/lib/ruby/gems/2.6.0/gems/rake-12.3.2/lib/rake/task.rb:273
  [1m[35m (1.0ms)[0m  [1m[36mcommit transaction[0m
  ↳ /Users/christopheryuan/.rvm/rubies/ruby-2.6.1/lib/ruby/gems/2.6.0/gems/rake-12.3.2/lib/rake/task.rb:273
  [1m[36mActiveRecord::InternalMetadata Load (0.2ms)[0m  [1m[34mSELECT  "ar_internal_metadata".* FROM "ar_internal_metadata" WHERE "ar_internal_metadata"."key" = ? LIMIT ?[0m  [["key", "environment"], ["LIMIT", 1]]
  ↳ /Users/christopheryuan/.rvm/rubies/ruby-2.6.1/lib/ruby/gems/2.6.0/gems/rake-12.3.2/lib/rake/task.rb:273
  [1m[35m (0.0ms)[0m  [1m[36mbegin transaction[0m
  ↳ /Users/christopheryuan/.rvm/rubies/ruby-2.6.1/lib/ruby/gems/2.6.0/gems/rake-12.3.2/lib/rake/task.rb:273
  [1m[36mActiveRecord::InternalMetadata Create (0.3ms)[0m  [1m[32mINSERT INTO "ar_internal_metadata" ("key", "value", "created_at", "updated_at") VALUES (?, ?, ?, ?)[0m  [["key", "environment"], ["value", "development"], ["created_at", "2019-06-06 19:06:45.827494"], ["updated_at", "2019-06-06 19:06:45.827494"]]
  ↳ /Users/christopheryuan/.rvm/rubies/ruby-2.6.1/lib/ruby/gems/2.6.0/gems/rake-12.3.2/lib/rake/task.rb:273
  [1m[35m (0.6ms)[0m  [1m[36mcommit transaction[0m
  ↳ /Users/christopheryuan/.rvm/rubies/ruby-2.6.1/lib/ruby/gems/2.6.0/gems/rake-12.3.2/lib/rake/task.rb:273
  [1m[35m (0.1ms)[0m  [1m[34mSELECT "schema_migrations"."version" FROM "schema_migrations" ORDER BY "schema_migrations"."version" ASC[0m
  ↳ /Users/christopheryuan/.rvm/rubies/ruby-2.6.1/lib/ruby/gems/2.6.0/gems/rake-12.3.2/lib/rake/task.rb:273
  [1m[35m (0.1ms)[0m  [1m[34mSELECT "schema_migrations"."version" FROM "schema_migrations" ORDER BY "schema_migrations"."version" ASC[0m
  ↳ /Users/christopheryuan/.rvm/rubies/ruby-2.6.1/lib/ruby/gems/2.6.0/gems/rake-12.3.2/lib/rake/task.rb:273
  [1m[35m (0.0ms)[0m  [1m[36mbegin transaction[0m
  ↳ db/seeds.rb:9
  [1m[36mOwner Create (0.4ms)[0m  [1m[32mINSERT INTO "owners" ("first_name", "last_name", "age", "email", "created_at", "updated_at") VALUES (?, ?, ?, ?, ?, ?)[0m  [["first_name", "Chris"], ["last_name", "Yuan"], ["age", 24], ["email", "chris@gmail.com"], ["created_at", "2019-06-06 19:07:03.888810"], ["updated_at", "2019-06-06 19:07:03.888810"]]
  ↳ db/seeds.rb:9
  [1m[35m (0.7ms)[0m  [1m[36mcommit transaction[0m
  ↳ db/seeds.rb:9
  [1m[35m (0.0ms)[0m  [1m[36mbegin transaction[0m
  ↳ db/seeds.rb:10
  [1m[36mOwner Create (0.3ms)[0m  [1m[32mINSERT INTO "owners" ("first_name", "last_name", "age", "email", "created_at", "updated_at") VALUES (?, ?, ?, ?, ?, ?)[0m  [["first_name", "Rob"], ["last_name", "Yuan"], ["age", 23], ["email", "rob@gmail.com"], ["created_at", "2019-06-06 19:07:03.892181"], ["updated_at", "2019-06-06 19:07:03.892181"]]
  ↳ db/seeds.rb:10
  [1m[35m (0.5ms)[0m  [1m[36mcommit transaction[0m
  ↳ db/seeds.rb:10
  [1m[35m (0.0ms)[0m  [1m[36mbegin transaction[0m
  ↳ db/seeds.rb:11
  [1m[36mOwner Create (0.2ms)[0m  [1m[32mINSERT INTO "owners" ("first_name", "last_name", "age", "email", "created_at", "updated_at") VALUES (?, ?, ?, ?, ?, ?)[0m  [["first_name", "Joe"], ["last_name", "Flacko"], ["age", 26], ["email", "joe@gmail.com"], ["created_at", "2019-06-06 19:07:03.894150"], ["updated_at", "2019-06-06 19:07:03.894150"]]
  ↳ db/seeds.rb:11
  [1m[35m (0.6ms)[0m  [1m[36mcommit transaction[0m
  ↳ db/seeds.rb:11
  [1m[35m (0.0ms)[0m  [1m[36mbegin transaction[0m
  ↳ db/seeds.rb:12
  [1m[36mOwner Create (0.4ms)[0m  [1m[32mINSERT INTO "owners" ("first_name", "last_name", "age", "email", "created_at", "updated_at") VALUES (?, ?, ?, ?, ?, ?)[0m  [["first_name", "Danny"], ["last_name", "Brown"], ["age", 30], ["email", "danny@gmail.com"], ["created_at", "2019-06-06 19:07:03.896072"], ["updated_at", "2019-06-06 19:07:03.896072"]]
  ↳ db/seeds.rb:12
  [1m[35m (0.5ms)[0m  [1m[36mcommit transaction[0m
  ↳ db/seeds.rb:12
  [1m[35m (0.0ms)[0m  [1m[36mbegin transaction[0m
  ↳ db/seeds.rb:13
  [1m[36mOwner Create (0.2ms)[0m  [1m[32mINSERT INTO "owners" ("first_name", "last_name", "age", "email", "created_at", "updated_at") VALUES (?, ?, ?, ?, ?, ?)[0m  [["first_name", "Dex"], ["last_name", "Ter"], ["age", 13], ["email", "dex@gmail.com"], ["created_at", "2019-06-06 19:07:03.898332"], ["updated_at", "2019-06-06 19:07:03.898332"]]
  ↳ db/seeds.rb:13
  [1m[35m (0.4ms)[0m  [1m[36mcommit transaction[0m
  ↳ db/seeds.rb:13
  [1m[35m (0.0ms)[0m  [1m[36mbegin transaction[0m
  ↳ db/seeds.rb:15
  [1m[36mOwner Load (0.1ms)[0m  [1m[34mSELECT  "owners".* FROM "owners" WHERE "owners"."id" = ? LIMIT ?[0m  [["id", 1], ["LIMIT", 1]]
  ↳ db/seeds.rb:15
  [1m[36mPet Create (0.6ms)[0m  [1m[32mINSERT INTO "pets" ("name", "category", "owner_id", "created_at", "updated_at") VALUES (?, ?, ?, ?, ?)[0m  [["name", "Snowy"], ["category", "dog"], ["owner_id", 1], ["created_at", "2019-06-06 19:07:03.944038"], ["updated_at", "2019-06-06 19:07:03.944038"]]
  ↳ db/seeds.rb:15
  [1m[35m (0.8ms)[0m  [1m[36mcommit transaction[0m
  ↳ db/seeds.rb:15
  [1m[35m (0.0ms)[0m  [1m[36mbegin transaction[0m
  ↳ db/seeds.rb:16
  [1m[36mOwner Load (0.1ms)[0m  [1m[34mSELECT  "owners".* FROM "owners" WHERE "owners"."id" = ? LIMIT ?[0m  [["id", 1], ["LIMIT", 1]]
  ↳ db/seeds.rb:16
  [1m[36mPet Create (0.3ms)[0m  [1m[32mINSERT INTO "pets" ("name", "category", "owner_id", "created_at", "updated_at") VALUES (?, ?, ?, ?, ?)[0m  [["name", "Milo"], ["category", "dog"], ["owner_id", 1], ["created_at", "2019-06-06 19:07:03.948797"], ["updated_at", "2019-06-06 19:07:03.948797"]]
  ↳ db/seeds.rb:16
  [1m[35m (0.8ms)[0m  [1m[36mcommit transaction[0m
  ↳ db/seeds.rb:16
  [1m[35m (0.1ms)[0m  [1m[36mbegin transaction[0m
  ↳ db/seeds.rb:17
  [1m[36mOwner Load (0.1ms)[0m  [1m[34mSELECT  "owners".* FROM "owners" WHERE "owners"."id" = ? LIMIT ?[0m  [["id", 1], ["LIMIT", 1]]
  ↳ db/seeds.rb:17
  [1m[36mPet Create (9.9ms)[0m  [1m[32mINSERT INTO "pets" ("name", "category", "owner_id", "created_at", "updated_at") VALUES (?, ?, ?, ?, ?)[0m  [["name", "Sasha"], ["category", "dog"], ["owner_id", 1], ["created_at", "2019-06-06 19:07:03.952532"], ["updated_at", "2019-06-06 19:07:03.952532"]]
  ↳ db/seeds.rb:17
  [1m[35m (1.0ms)[0m  [1m[36mcommit transaction[0m
  ↳ db/seeds.rb:17
  [1m[35m (0.0ms)[0m  [1m[36mbegin transaction[0m
  ↳ db/seeds.rb:18
  [1m[36mOwner Load (0.1ms)[0m  [1m[34mSELECT  "owners".* FROM "owners" WHERE "owners"."id" = ? LIMIT ?[0m  [["id", 2], ["LIMIT", 1]]
  ↳ db/seeds.rb:18
  [1m[36mPet Create (0.3ms)[0m  [1m[32mINSERT INTO "pets" ("name", "category", "owner_id", "created_at", "updated_at") VALUES (?, ?, ?, ?, ?)[0m  [["name", "Charlie"], ["category", "dog"], ["owner_id", 2], ["created_at", "2019-06-06 19:07:03.965727"], ["updated_at", "2019-06-06 19:07:03.965727"]]
  ↳ db/seeds.rb:18
  [1m[35m (0.8ms)[0m  [1m[36mcommit transaction[0m
  ↳ db/seeds.rb:18
  [1m[35m (0.0ms)[0m  [1m[36mbegin transaction[0m
  ↳ db/seeds.rb:19
  [1m[36mOwner Load (0.1ms)[0m  [1m[34mSELECT  "owners".* FROM "owners" WHERE "owners"."id" = ? LIMIT ?[0m  [["id", 3], ["LIMIT", 1]]
  ↳ db/seeds.rb:19
  [1m[36mPet Create (0.3ms)[0m  [1m[32mINSERT INTO "pets" ("name", "category", "owner_id", "created_at", "updated_at") VALUES (?, ?, ?, ?, ?)[0m  [["name", "George"], ["category", "dog"], ["owner_id", 3], ["created_at", "2019-06-06 19:07:03.968328"], ["updated_at", "2019-06-06 19:07:03.968328"]]
  ↳ db/seeds.rb:19
  [1m[35m (0.9ms)[0m  [1m[36mcommit transaction[0m
  ↳ db/seeds.rb:19
  [1m[35m (0.1ms)[0m  [1m[36mbegin transaction[0m
  ↳ db/seeds.rb:20
  [1m[36mOwner Load (0.2ms)[0m  [1m[34mSELECT  "owners".* FROM "owners" WHERE "owners"."id" = ? LIMIT ?[0m  [["id", 4], ["LIMIT", 1]]
  ↳ db/seeds.rb:20
  [1m[36mPet Create (0.3ms)[0m  [1m[32mINSERT INTO "pets" ("name", "category", "owner_id", "created_at", "updated_at") VALUES (?, ?, ?, ?, ?)[0m  [["name", "Mona"], ["category", "cat"], ["owner_id", 4], ["created_at", "2019-06-06 19:07:03.971789"], ["updated_at", "2019-06-06 19:07:03.971789"]]
  ↳ db/seeds.rb:20
  [1m[35m (0.9ms)[0m  [1m[36mcommit transaction[0m
  ↳ db/seeds.rb:20
  [1m[35m (0.0ms)[0m  [1m[36mbegin transaction[0m
  ↳ db/seeds.rb:21
  [1m[36mOwner Load (0.1ms)[0m  [1m[34mSELECT  "owners".* FROM "owners" WHERE "owners"."id" = ? LIMIT ?[0m  [["id", 5], ["LIMIT", 1]]
  ↳ db/seeds.rb:21
  [1m[36mPet Create (0.3ms)[0m  [1m[32mINSERT INTO "pets" ("name", "category", "owner_id", "created_at", "updated_at") VALUES (?, ?, ?, ?, ?)[0m  [["name", "Prince"], ["category", "cat"], ["owner_id", 5], ["created_at", "2019-06-06 19:07:03.974922"], ["updated_at", "2019-06-06 19:07:03.974922"]]
  ↳ db/seeds.rb:21
  [1m[35m (0.5ms)[0m  [1m[36mcommit transaction[0m
  ↳ db/seeds.rb:21
  [1m[36mPet Load (0.4ms)[0m  [1m[34mSELECT  "pets".* FROM "pets" LIMIT ?[0m  [["LIMIT", 11]]
  [1m[36mOwner Load (0.4ms)[0m  [1m[34mSELECT  "owners".* FROM "owners" LIMIT ?[0m  [["LIMIT", 11]]
